[2020-10-07 16:06:37.685] [exthost] [info] extension host started
[2020-10-07 16:06:37.675] [exthost] [info] extension host started
[2020-10-07 16:06:37.708] [exthost] [info] ExtensionService#_doActivateExtension vscode.grunt {"startup":false,"extensionId":{"value":"vscode.grunt","_lower":"vscode.grunt"},"activationEvent":"onCommand:workbench.action.tasks.runTask"}
[2020-10-07 16:06:37.709] [exthost] [info] ExtensionService#loadCommonJSModule file:///opt/eclipse-dsl-2020-09-R-linux-gtk-x86_64/eclipse/plugins/com.genuitec.eclipse.code.engine.app.linux.x86_64_3.6.0.202002212104/engine/resources/app/extensions/grunt/dist/main
[2020-10-07 16:06:38.027] [exthost] [info] ExtensionService#_doActivateExtension vscode.gulp {"startup":false,"extensionId":{"value":"vscode.gulp","_lower":"vscode.gulp"},"activationEvent":"onCommand:workbench.action.tasks.runTask"}
[2020-10-07 16:06:38.028] [exthost] [info] ExtensionService#loadCommonJSModule file:///opt/eclipse-dsl-2020-09-R-linux-gtk-x86_64/eclipse/plugins/com.genuitec.eclipse.code.engine.app.linux.x86_64_3.6.0.202002212104/engine/resources/app/extensions/gulp/dist/main
[2020-10-07 16:06:38.412] [exthost] [info] ExtensionService#_doActivateExtension vscode.jake {"startup":false,"extensionId":{"value":"vscode.jake","_lower":"vscode.jake"},"activationEvent":"onCommand:workbench.action.tasks.runTask"}
[2020-10-07 16:06:38.412] [exthost] [info] ExtensionService#loadCommonJSModule file:///opt/eclipse-dsl-2020-09-R-linux-gtk-x86_64/eclipse/plugins/com.genuitec.eclipse.code.engine.app.linux.x86_64_3.6.0.202002212104/engine/resources/app/extensions/jake/dist/main
[2020-10-07 16:06:38.778] [exthost] [info] ExtensionService#_doActivateExtension vscode.npm {"startup":false,"extensionId":{"value":"vscode.npm","_lower":"vscode.npm"},"activationEvent":"onCommand:workbench.action.tasks.runTask"}
[2020-10-07 16:06:38.778] [exthost] [info] ExtensionService#loadCommonJSModule file:///opt/eclipse-dsl-2020-09-R-linux-gtk-x86_64/eclipse/plugins/com.genuitec.eclipse.code.engine.app.linux.x86_64_3.6.0.202002212104/engine/resources/app/extensions/npm/dist/main
[2020-10-07 16:06:39.076] [exthost] [info] ExtensionService#_doActivateExtension vscode.typescript-language-features {"startup":false,"extensionId":{"value":"vscode.typescript-language-features","_lower":"vscode.typescript-language-features"},"activationEvent":"onCommand:workbench.action.tasks.runTask"}
[2020-10-07 16:06:39.076] [exthost] [info] ExtensionService#loadCommonJSModule file:///opt/eclipse-dsl-2020-09-R-linux-gtk-x86_64/eclipse/plugins/com.genuitec.eclipse.code.engine.app.linux.x86_64_3.6.0.202002212104/engine/resources/app/extensions/typescript-language-features/dist/extension
[2020-10-07 16:06:39.317] [exthost] [info] ExtensionService#_doActivateExtension vscode.configuration-editing {"startup":false,"extensionId":{"value":"vscode.configuration-editing","_lower":"vscode.configuration-editing"},"activationEvent":"onLanguage:jsonc"}
[2020-10-07 16:06:39.318] [exthost] [info] ExtensionService#loadCommonJSModule file:///opt/eclipse-dsl-2020-09-R-linux-gtk-x86_64/eclipse/plugins/com.genuitec.eclipse.code.engine.app.linux.x86_64_3.6.0.202002212104/engine/resources/app/extensions/configuration-editing/dist/extension
[2020-10-07 16:06:39.719] [exthost] [info] ExtensionService#_doActivateExtension vscode.json-language-features {"startup":false,"extensionId":{"value":"vscode.json-language-features","_lower":"vscode.json-language-features"},"activationEvent":"onLanguage:jsonc"}
[2020-10-07 16:06:39.719] [exthost] [info] ExtensionService#loadCommonJSModule file:///opt/eclipse-dsl-2020-09-R-linux-gtk-x86_64/eclipse/plugins/com.genuitec.eclipse.code.engine.app.linux.x86_64_3.6.0.202002212104/engine/resources/app/extensions/json-language-features/client/dist/jsonMain
[2020-10-07 16:06:40.208] [exthost] [info] ExtensionService#_doActivateExtension HookyQR.beautify {"startup":true,"extensionId":{"value":"HookyQR.beautify","_lower":"hookyqr.beautify"},"activationEvent":"*"}
[2020-10-07 16:06:40.208] [exthost] [info] ExtensionService#loadCommonJSModule file:///opt/eclipse-dsl-2020-09-R-linux-gtk-x86_64/eclipse/plugins/pack.core.linux_3.6.0.202007171954/HookyQR.beautify-1.4.11/extension
[2020-10-07 16:06:43.283] [exthost] [info] ExtensionService#_doActivateExtension christian-kohler.path-intellisense {"startup":true,"extensionId":{"value":"christian-kohler.path-intellisense","_lower":"christian-kohler.path-intellisense"},"activationEvent":"*"}
[2020-10-07 16:06:43.283] [exthost] [info] ExtensionService#loadCommonJSModule file:///opt/eclipse-dsl-2020-09-R-linux-gtk-x86_64/eclipse/plugins/pack.core.linux_3.6.0.202007171954/christian-kohler.path-intellisense-1.4.2/out/src/extension
[2020-10-07 16:06:44.178] [exthost] [info] ExtensionService#_doActivateExtension dbaeumer.vscode-eslint {"startup":true,"extensionId":{"value":"dbaeumer.vscode-eslint","_lower":"dbaeumer.vscode-eslint"},"activationEvent":"*"}
[2020-10-07 16:06:44.178] [exthost] [info] ExtensionService#loadCommonJSModule file:///opt/eclipse-dsl-2020-09-R-linux-gtk-x86_64/eclipse/plugins/pack.core.linux_3.6.0.202007171954/dbaeumer.vscode-eslint-1.9.0/client/out/extension
[2020-10-07 16:06:44.378] [exthost] [info] ExtensionService#_doActivateExtension vscode.debug-auto-launch {"startup":true,"extensionId":{"value":"vscode.debug-auto-launch","_lower":"vscode.debug-auto-launch"},"activationEvent":"*"}
[2020-10-07 16:06:44.378] [exthost] [info] ExtensionService#loadCommonJSModule file:///opt/eclipse-dsl-2020-09-R-linux-gtk-x86_64/eclipse/plugins/com.genuitec.eclipse.code.engine.app.linux.x86_64_3.6.0.202002212104/engine/resources/app/extensions/debug-auto-launch/dist/extension
[2020-10-07 16:06:44.531] [exthost] [info] ExtensionService#_doActivateExtension vscode.emmet {"startup":true,"extensionId":{"value":"vscode.emmet","_lower":"vscode.emmet"},"activationEvent":"*"}
[2020-10-07 16:06:44.531] [exthost] [info] ExtensionService#loadCommonJSModule file:///opt/eclipse-dsl-2020-09-R-linux-gtk-x86_64/eclipse/plugins/com.genuitec.eclipse.code.engine.app.linux.x86_64_3.6.0.202002212104/engine/resources/app/extensions/emmet/dist/extension
[2020-10-07 16:06:44.750] [exthost] [info] ExtensionService#_doActivateExtension formulahendry.auto-close-tag {"startup":true,"extensionId":{"value":"formulahendry.auto-close-tag","_lower":"formulahendry.auto-close-tag"},"activationEvent":"*"}
[2020-10-07 16:06:44.750] [exthost] [info] ExtensionService#loadCommonJSModule file:///opt/eclipse-dsl-2020-09-R-linux-gtk-x86_64/eclipse/plugins/pack.core.linux_3.6.0.202007171954/formulahendry.auto-close-tag-0.5.6/out/src/extension
[2020-10-07 16:06:51.817] [exthost] [info] ExtensionService#_doActivateExtension felixfbecker.php-intellisense {"startup":true,"extensionId":{"value":"felixfbecker.php-intellisense","_lower":"felixfbecker.php-intellisense"},"activationEvent":"workspaceContainsTimeout:**/*.php"}
[2020-10-07 16:06:51.817] [exthost] [info] ExtensionService#loadCommonJSModule file:///opt/eclipse-dsl-2020-09-R-linux-gtk-x86_64/eclipse/plugins/pack.php.linux_3.6.0.202007171954/felixfbecker.php-intellisense-2.3.14/out/extension
[2020-10-07 16:06:58.117] [exthost] [info] eager extensions activated
[2020-10-07 16:15:51.264] [exthost] [info] extension host started
[2020-10-07 16:15:51.298] [exthost] [info] ExtensionService#_doActivateExtension vscode.configuration-editing {"startup":false,"extensionId":{"value":"vscode.configuration-editing","_lower":"vscode.configuration-editing"},"activationEvent":"onLanguage:jsonc"}
[2020-10-07 16:15:51.298] [exthost] [info] ExtensionService#loadCommonJSModule file:///opt/eclipse-dsl-2020-09-R-linux-gtk-x86_64/eclipse/plugins/com.genuitec.eclipse.code.engine.app.linux.x86_64_3.6.0.202002212104/engine/resources/app/extensions/configuration-editing/dist/extension
[2020-10-07 16:15:51.440] [exthost] [info] ExtensionService#_doActivateExtension vscode.json-language-features {"startup":false,"extensionId":{"value":"vscode.json-language-features","_lower":"vscode.json-language-features"},"activationEvent":"onLanguage:jsonc"}
[2020-10-07 16:15:51.440] [exthost] [info] ExtensionService#loadCommonJSModule file:///opt/eclipse-dsl-2020-09-R-linux-gtk-x86_64/eclipse/plugins/com.genuitec.eclipse.code.engine.app.linux.x86_64_3.6.0.202002212104/engine/resources/app/extensions/json-language-features/client/dist/jsonMain
[2020-10-07 16:15:51.515] [exthost] [info] ExtensionService#_doActivateExtension vscode.typescript-language-features {"startup":false,"extensionId":{"value":"vscode.typescript-language-features","_lower":"vscode.typescript-language-features"},"activationEvent":"onLanguage:jsonc"}
[2020-10-07 16:15:51.515] [exthost] [info] ExtensionService#loadCommonJSModule file:///opt/eclipse-dsl-2020-09-R-linux-gtk-x86_64/eclipse/plugins/com.genuitec.eclipse.code.engine.app.linux.x86_64_3.6.0.202002212104/engine/resources/app/extensions/typescript-language-features/dist/extension
[2020-10-07 16:15:51.583] [exthost] [info] ExtensionService#_doActivateExtension vscode.grunt {"startup":false,"extensionId":{"value":"vscode.grunt","_lower":"vscode.grunt"},"activationEvent":"onCommand:workbench.action.tasks.runTask"}
[2020-10-07 16:15:51.583] [exthost] [info] ExtensionService#loadCommonJSModule file:///opt/eclipse-dsl-2020-09-R-linux-gtk-x86_64/eclipse/plugins/com.genuitec.eclipse.code.engine.app.linux.x86_64_3.6.0.202002212104/engine/resources/app/extensions/grunt/dist/main
[2020-10-07 16:15:51.723] [exthost] [info] ExtensionService#_doActivateExtension vscode.gulp {"startup":false,"extensionId":{"value":"vscode.gulp","_lower":"vscode.gulp"},"activationEvent":"onCommand:workbench.action.tasks.runTask"}
[2020-10-07 16:15:51.724] [exthost] [info] ExtensionService#loadCommonJSModule file:///opt/eclipse-dsl-2020-09-R-linux-gtk-x86_64/eclipse/plugins/com.genuitec.eclipse.code.engine.app.linux.x86_64_3.6.0.202002212104/engine/resources/app/extensions/gulp/dist/main
[2020-10-07 16:15:51.835] [exthost] [info] ExtensionService#_doActivateExtension vscode.jake {"startup":false,"extensionId":{"value":"vscode.jake","_lower":"vscode.jake"},"activationEvent":"onCommand:workbench.action.tasks.runTask"}
[2020-10-07 16:15:51.835] [exthost] [info] ExtensionService#loadCommonJSModule file:///opt/eclipse-dsl-2020-09-R-linux-gtk-x86_64/eclipse/plugins/com.genuitec.eclipse.code.engine.app.linux.x86_64_3.6.0.202002212104/engine/resources/app/extensions/jake/dist/main
[2020-10-07 16:15:51.951] [exthost] [info] ExtensionService#_doActivateExtension vscode.npm {"startup":false,"extensionId":{"value":"vscode.npm","_lower":"vscode.npm"},"activationEvent":"onCommand:workbench.action.tasks.runTask"}
[2020-10-07 16:15:51.951] [exthost] [info] ExtensionService#loadCommonJSModule file:///opt/eclipse-dsl-2020-09-R-linux-gtk-x86_64/eclipse/plugins/com.genuitec.eclipse.code.engine.app.linux.x86_64_3.6.0.202002212104/engine/resources/app/extensions/npm/dist/main
[2020-10-07 16:15:51.985] [exthost] [info] ExtensionService#_doActivateExtension HookyQR.beautify {"startup":true,"extensionId":{"value":"HookyQR.beautify","_lower":"hookyqr.beautify"},"activationEvent":"*"}
[2020-10-07 16:15:51.985] [exthost] [info] ExtensionService#loadCommonJSModule file:///opt/eclipse-dsl-2020-09-R-linux-gtk-x86_64/eclipse/plugins/pack.core.linux_3.6.0.202007171954/HookyQR.beautify-1.4.11/extension
[2020-10-07 16:15:52.608] [exthost] [info] ExtensionService#_doActivateExtension christian-kohler.path-intellisense {"startup":true,"extensionId":{"value":"christian-kohler.path-intellisense","_lower":"christian-kohler.path-intellisense"},"activationEvent":"*"}
[2020-10-07 16:15:52.608] [exthost] [info] ExtensionService#loadCommonJSModule file:///opt/eclipse-dsl-2020-09-R-linux-gtk-x86_64/eclipse/plugins/pack.core.linux_3.6.0.202007171954/christian-kohler.path-intellisense-1.4.2/out/src/extension
[2020-10-07 16:15:52.940] [exthost] [info] ExtensionService#_doActivateExtension dbaeumer.vscode-eslint {"startup":true,"extensionId":{"value":"dbaeumer.vscode-eslint","_lower":"dbaeumer.vscode-eslint"},"activationEvent":"*"}
[2020-10-07 16:15:52.940] [exthost] [info] ExtensionService#loadCommonJSModule file:///opt/eclipse-dsl-2020-09-R-linux-gtk-x86_64/eclipse/plugins/pack.core.linux_3.6.0.202007171954/dbaeumer.vscode-eslint-1.9.0/client/out/extension
[2020-10-07 16:15:53.090] [exthost] [info] ExtensionService#_doActivateExtension vscode.debug-auto-launch {"startup":true,"extensionId":{"value":"vscode.debug-auto-launch","_lower":"vscode.debug-auto-launch"},"activationEvent":"*"}
[2020-10-07 16:15:53.091] [exthost] [info] ExtensionService#loadCommonJSModule file:///opt/eclipse-dsl-2020-09-R-linux-gtk-x86_64/eclipse/plugins/com.genuitec.eclipse.code.engine.app.linux.x86_64_3.6.0.202002212104/engine/resources/app/extensions/debug-auto-launch/dist/extension
[2020-10-07 16:15:53.145] [exthost] [info] ExtensionService#_doActivateExtension vscode.emmet {"startup":true,"extensionId":{"value":"vscode.emmet","_lower":"vscode.emmet"},"activationEvent":"*"}
[2020-10-07 16:15:53.145] [exthost] [info] ExtensionService#loadCommonJSModule file:///opt/eclipse-dsl-2020-09-R-linux-gtk-x86_64/eclipse/plugins/com.genuitec.eclipse.code.engine.app.linux.x86_64_3.6.0.202002212104/engine/resources/app/extensions/emmet/dist/extension
[2020-10-07 16:15:53.200] [exthost] [info] ExtensionService#_doActivateExtension formulahendry.auto-close-tag {"startup":true,"extensionId":{"value":"formulahendry.auto-close-tag","_lower":"formulahendry.auto-close-tag"},"activationEvent":"*"}
[2020-10-07 16:15:53.200] [exthost] [info] ExtensionService#loadCommonJSModule file:///opt/eclipse-dsl-2020-09-R-linux-gtk-x86_64/eclipse/plugins/pack.core.linux_3.6.0.202007171954/formulahendry.auto-close-tag-0.5.6/out/src/extension
[2020-10-07 16:15:53.408] [exthost] [info] ExtensionService#_doActivateExtension felixfbecker.php-intellisense {"startup":true,"extensionId":{"value":"felixfbecker.php-intellisense","_lower":"felixfbecker.php-intellisense"},"activationEvent":"workspaceContains:**/*.php"}
[2020-10-07 16:15:53.408] [exthost] [info] ExtensionService#loadCommonJSModule file:///opt/eclipse-dsl-2020-09-R-linux-gtk-x86_64/eclipse/plugins/pack.php.linux_3.6.0.202007171954/felixfbecker.php-intellisense-2.3.14/out/extension
[2020-10-07 16:15:56.437] [exthost] [info] eager extensions activated
[2020-10-07 16:17:05.709] [exthost] [info] ExtensionService#_doActivateExtension junstyle.php-cs-fixer {"startup":false,"extensionId":{"value":"junstyle.php-cs-fixer","_lower":"junstyle.php-cs-fixer"},"activationEvent":"onLanguage:php"}
[2020-10-07 16:17:05.709] [exthost] [info] ExtensionService#loadCommonJSModule file:///opt/eclipse-dsl-2020-09-R-linux-gtk-x86_64/eclipse/plugins/pack.php.linux_3.6.0.202007171954/junstyle.php-cs-fixer-0.1.129/extension
[2020-10-07 16:17:13.141] [exthost] [info] ExtensionService#_doActivateExtension linyang95.php-symbols {"startup":false,"extensionId":{"value":"linyang95.php-symbols","_lower":"linyang95.php-symbols"},"activationEvent":"onLanguage:php"}
[2020-10-07 16:17:13.142] [exthost] [info] ExtensionService#loadCommonJSModule file:///opt/eclipse-dsl-2020-09-R-linux-gtk-x86_64/eclipse/plugins/pack.php.linux_3.6.0.202007171954/linyang95.php-symbols-2.1.0/extension
[2020-10-07 16:17:17.189] [exthost] [info] ExtensionService#_doActivateExtension vscode.php-language-features {"startup":false,"extensionId":{"value":"vscode.php-language-features","_lower":"vscode.php-language-features"},"activationEvent":"onLanguage:php"}
[2020-10-07 16:17:17.189] [exthost] [info] ExtensionService#loadCommonJSModule file:///opt/eclipse-dsl-2020-09-R-linux-gtk-x86_64/eclipse/plugins/com.genuitec.eclipse.code.engine.app.linux.x86_64_3.6.0.202002212104/engine/resources/app/extensions/php-language-features/dist/phpMain
